{
    "meta": {
        "format": 3,
        "version": "7.10.7",
        "timestamp": "2025-10-19T17:28:56.956360",
        "branch_coverage": true,
        "show_contexts": false
    },
    "files": {
        "src/burly_mcp/__init__.py": {
            "executed_lines": [
                1,
                8,
                9,
                10,
                13,
                14,
                15,
                16,
                19
            ],
            "summary": {
                "covered_lines": 8,
                "num_statements": 8,
                "percent_covered": 100.0,
                "percent_covered_display": "100.00",
                "missing_lines": 0,
                "excluded_lines": 0,
                "num_branches": 0,
                "num_partial_branches": 0,
                "covered_branches": 0,
                "missing_branches": 0
            },
            "missing_lines": [],
            "excluded_lines": [],
            "executed_branches": [],
            "missing_branches": [],
            "functions": {
                "": {
                    "executed_lines": [
                        1,
                        8,
                        9,
                        10,
                        13,
                        14,
                        15,
                        16,
                        19
                    ],
                    "summary": {
                        "covered_lines": 8,
                        "num_statements": 8,
                        "percent_covered": 100.0,
                        "percent_covered_display": "100.00",
                        "missing_lines": 0,
                        "excluded_lines": 0,
                        "num_branches": 0,
                        "num_partial_branches": 0,
                        "covered_branches": 0,
                        "missing_branches": 0
                    },
                    "missing_lines": [],
                    "excluded_lines": [],
                    "executed_branches": [],
                    "missing_branches": []
                }
            },
            "classes": {
                "": {
                    "executed_lines": [
                        1,
                        8,
                        9,
                        10,
                        13,
                        14,
                        15,
                        16,
                        19
                    ],
                    "summary": {
                        "covered_lines": 8,
                        "num_statements": 8,
                        "percent_covered": 100.0,
                        "percent_covered_display": "100.00",
                        "missing_lines": 0,
                        "excluded_lines": 0,
                        "num_branches": 0,
                        "num_partial_branches": 0,
                        "covered_branches": 0,
                        "missing_branches": 0
                    },
                    "missing_lines": [],
                    "excluded_lines": [],
                    "executed_branches": [],
                    "missing_branches": []
                }
            }
        },
        "src/burly_mcp/audit.py": {
            "executed_lines": [
                1,
                29,
                30,
                31,
                32,
                33,
                34,
                35,
                36,
                37,
                39,
                42,
                43,
                44,
                51,
                52,
                53,
                54,
                55,
                56,
                57,
                58,
                59,
                60,
                61,
                64,
                65,
                73,
                94,
                147,
                180,
                203,
                233,
                273,
                293,
                322,
                386,
                389,
                408,
                450
            ],
            "summary": {
                "covered_lines": 37,
                "num_statements": 133,
                "percent_covered": 21.893491124260354,
                "percent_covered_display": "21.89",
                "missing_lines": 96,
                "excluded_lines": 0,
                "num_branches": 36,
                "num_partial_branches": 0,
                "covered_branches": 0,
                "missing_branches": 36
            },
            "missing_lines": [
                81,
                82,
                83,
                85,
                86,
                89,
                90,
                92,
                122,
                124,
                139,
                141,
                143,
                144,
                154,
                156,
                171,
                173,
                177,
                178,
                187,
                189,
                190,
                193,
                194,
                195,
                197,
                198,
                201,
                216,
                218,
                221,
                226,
                227,
                229,
                230,
                231,
                243,
                244,
                246,
                248,
                249,
                252,
                256,
                257,
                258,
                259,
                260,
                266,
                267,
                269,
                271,
                283,
                284,
                287,
                288,
                289,
                291,
                301,
                317,
                318,
                320,
                332,
                333,
                334,
                336,
                346,
                349,
                350,
                351,
                352,
                355,
                359,
                360,
                362,
                363,
                364,
                365,
                366,
                367,
                369,
                370,
                372,
                373,
                376,
                378,
                380,
                381,
                382,
                402,
                403,
                405,
                435,
                436,
                457,
                458
            ],
            "excluded_lines": [],
            "executed_branches": [],
            "missing_branches": [
                [
                    81,
                    82
                ],
                [
                    81,
                    85
                ],
                [
                    243,
                    244
                ],
                [
                    243,
                    246
                ],
                [
                    248,
                    249
                ],
                [
                    248,
                    271
                ],
                [
                    252,
                    256
                ],
                [
                    252,
                    257
                ],
                [
                    257,
                    258
                ],
                [
                    257,
                    259
                ],
                [
                    259,
                    260
                ],
                [
                    259,
                    266
                ],
                [
                    266,
                    267
                ],
                [
                    266,
                    269
                ],
                [
                    283,
                    284
                ],
                [
                    283,
                    287
                ],
                [
                    287,
                    288
                ],
                [
                    287,
                    291
                ],
                [
                    288,
                    287
                ],
                [
                    288,
                    289
                ],
                [
                    333,
                    334
                ],
                [
                    333,
                    336
                ],
                [
                    350,
                    351
                ],
                [
                    350,
                    376
                ],
                [
                    359,
                    350
                ],
                [
                    359,
                    360
                ],
                [
                    362,
                    363
                ],
                [
                    362,
                    364
                ],
                [
                    364,
                    365
                ],
                [
                    364,
                    366
                ],
                [
                    366,
                    367
                ],
                [
                    366,
                    369
                ],
                [
                    369,
                    350
                ],
                [
                    369,
                    370
                ],
                [
                    402,
                    403
                ],
                [
                    402,
                    405
                ]
            ],
            "functions": {
                "AuditLogger.__init__": {
                    "executed_lines": [],
                    "summary": {
                        "covered_lines": 0,
                        "num_statements": 8,
                        "percent_covered": 0.0,
                        "percent_covered_display": "0.00",
                        "missing_lines": 8,
                        "excluded_lines": 0,
                        "num_branches": 2,
                        "num_partial_branches": 0,
                        "covered_branches": 0,
                        "missing_branches": 2
                    },
                    "missing_lines": [
                        81,
                        82,
                        83,
                        85,
                        86,
                        89,
                        90,
                        92
                    ],
                    "excluded_lines": [],
                    "executed_branches": [],
                    "missing_branches": [
                        [
                            81,
                            82
                        ],
                        [
                            81,
                            85
                        ]
                    ]
                },
                "AuditLogger.log_tool_execution": {
                    "executed_lines": [],
                    "summary": {
                        "covered_lines": 0,
                        "num_statements": 6,
                        "percent_covered": 0.0,
                        "percent_covered_display": "0.00",
                        "missing_lines": 6,
                        "excluded_lines": 0,
                        "num_branches": 0,
                        "num_partial_branches": 0,
                        "covered_branches": 0,
                        "missing_branches": 0
                    },
                    "missing_lines": [
                        122,
                        124,
                        139,
                        141,
                        143,
                        144
                    ],
                    "excluded_lines": [],
                    "executed_branches": [],
                    "missing_branches": []
                },
                "AuditLogger.log_security_violation": {
                    "executed_lines": [],
                    "summary": {
                        "covered_lines": 0,
                        "num_statements": 6,
                        "percent_covered": 0.0,
                        "percent_covered_display": "0.00",
                        "missing_lines": 6,
                        "excluded_lines": 0,
                        "num_branches": 0,
                        "num_partial_branches": 0,
                        "covered_branches": 0,
                        "missing_branches": 0
                    },
                    "missing_lines": [
                        154,
                        156,
                        171,
                        173,
                        177,
                        178
                    ],
                    "excluded_lines": [],
                    "executed_branches": [],
                    "missing_branches": []
                },
                "AuditLogger._write_audit_record": {
                    "executed_lines": [],
                    "summary": {
                        "covered_lines": 0,
                        "num_statements": 9,
                        "percent_covered": 0.0,
                        "percent_covered_display": "0.00",
                        "missing_lines": 9,
                        "excluded_lines": 0,
                        "num_branches": 0,
                        "num_partial_branches": 0,
                        "covered_branches": 0,
                        "missing_branches": 0
                    },
                    "missing_lines": [
                        187,
                        189,
                        190,
                        193,
                        194,
                        195,
                        197,
                        198,
                        201
                    ],
                    "excluded_lines": [],
                    "executed_branches": [],
                    "missing_branches": []
                },
                "AuditLogger._hash_sanitized_args": {
                    "executed_lines": [],
                    "summary": {
                        "covered_lines": 0,
                        "num_statements": 8,
                        "percent_covered": 0.0,
                        "percent_covered_display": "0.00",
                        "missing_lines": 8,
                        "excluded_lines": 0,
                        "num_branches": 0,
                        "num_partial_branches": 0,
                        "covered_branches": 0,
                        "missing_branches": 0
                    },
                    "missing_lines": [
                        216,
                        218,
                        221,
                        226,
                        227,
                        229,
                        230,
                        231
                    ],
                    "excluded_lines": [],
                    "executed_branches": [],
                    "missing_branches": []
                },
                "AuditLogger._sanitize_args": {
                    "executed_lines": [],
                    "summary": {
                        "covered_lines": 0,
                        "num_statements": 15,
                        "percent_covered": 0.0,
                        "percent_covered_display": "0.00",
                        "missing_lines": 15,
                        "excluded_lines": 0,
                        "num_branches": 12,
                        "num_partial_branches": 0,
                        "covered_branches": 0,
                        "missing_branches": 12
                    },
                    "missing_lines": [
                        243,
                        244,
                        246,
                        248,
                        249,
                        252,
                        256,
                        257,
                        258,
                        259,
                        260,
                        266,
                        267,
                        269,
                        271
                    ],
                    "excluded_lines": [],
                    "executed_branches": [],
                    "missing_branches": [
                        [
                            243,
                            244
                        ],
                        [
                            243,
                            246
                        ],
                        [
                            248,
                            249
                        ],
                        [
                            248,
                            271
                        ],
                        [
                            252,
                            256
                        ],
                        [
                            252,
                            257
                        ],
                        [
                            257,
                            258
                        ],
                        [
                            257,
                            259
                        ],
                        [
                            259,
                            260
                        ],
                        [
                            259,
                            266
                        ],
                        [
                            266,
                            267
                        ],
                        [
                            266,
                            269
                        ]
                    ]
                },
                "AuditLogger._contains_sensitive_env_var": {
                    "executed_lines": [],
                    "summary": {
                        "covered_lines": 0,
                        "num_statements": 6,
                        "percent_covered": 0.0,
                        "percent_covered_display": "0.00",
                        "missing_lines": 6,
                        "excluded_lines": 0,
                        "num_branches": 6,
                        "num_partial_branches": 0,
                        "covered_branches": 0,
                        "missing_branches": 6
                    },
                    "missing_lines": [
                        283,
                        284,
                        287,
                        288,
                        289,
                        291
                    ],
                    "excluded_lines": [],
                    "executed_branches": [],
                    "missing_branches": [
                        [
                            283,
                            284
                        ],
                        [
                            283,
                            287
                        ],
                        [
                            287,
                            288
                        ],
                        [
                            287,
                            291
                        ],
                        [
                            288,
                            287
                        ],
                        [
                            288,
                            289
                        ]
                    ]
                },
                "AuditLogger._get_sensitive_env_vars": {
                    "executed_lines": [],
                    "summary": {
                        "covered_lines": 0,
                        "num_statements": 4,
                        "percent_covered": 0.0,
                        "percent_covered_display": "0.00",
                        "missing_lines": 4,
                        "excluded_lines": 0,
                        "num_branches": 0,
                        "num_partial_branches": 0,
                        "covered_branches": 0,
                        "missing_branches": 0
                    },
                    "missing_lines": [
                        301,
                        317,
                        318,
                        320
                    ],
                    "excluded_lines": [],
                    "executed_branches": [],
                    "missing_branches": []
                },
                "AuditLogger.get_audit_stats": {
                    "executed_lines": [],
                    "summary": {
                        "covered_lines": 0,
                        "num_statements": 27,
                        "percent_covered": 0.0,
                        "percent_covered_display": "0.00",
                        "missing_lines": 27,
                        "excluded_lines": 0,
                        "num_branches": 14,
                        "num_partial_branches": 0,
                        "covered_branches": 0,
                        "missing_branches": 14
                    },
                    "missing_lines": [
                        332,
                        333,
                        334,
                        336,
                        346,
                        349,
                        350,
                        351,
                        352,
                        355,
                        359,
                        360,
                        362,
                        363,
                        364,
                        365,
                        366,
                        367,
                        369,
                        370,
                        372,
                        373,
                        376,
                        378,
                        380,
                        381,
                        382
                    ],
                    "excluded_lines": [],
                    "executed_branches": [],
                    "missing_branches": [
                        [
                            333,
                            334
                        ],
                        [
                            333,
                            336
                        ],
                        [
                            350,
                            351
                        ],
                        [
                            350,
                            376
                        ],
                        [
                            359,
                            350
                        ],
                        [
                            359,
                            360
                        ],
                        [
                            362,
                            363
                        ],
                        [
                            362,
                            364
                        ],
                        [
                            364,
                            365
                        ],
                        [
                            364,
                            366
                        ],
                        [
                            366,
                            367
                        ],
                        [
                            366,
                            369
                        ],
                        [
                            369,
                            350
                        ],
                        [
                            369,
                            370
                        ]
                    ]
                },
                "get_audit_logger": {
                    "executed_lines": [],
                    "summary": {
                        "covered_lines": 0,
                        "num_statements": 3,
                        "percent_covered": 0.0,
                        "percent_covered_display": "0.00",
                        "missing_lines": 3,
                        "excluded_lines": 0,
                        "num_branches": 2,
                        "num_partial_branches": 0,
                        "covered_branches": 0,
                        "missing_branches": 2
                    },
                    "missing_lines": [
                        402,
                        403,
                        405
                    ],
                    "excluded_lines": [],
                    "executed_branches": [],
                    "missing_branches": [
                        [
                            402,
                            403
                        ],
                        [
                            402,
                            405
                        ]
                    ]
                },
                "log_tool_execution": {
                    "executed_lines": [],
                    "summary": {
                        "covered_lines": 0,
                        "num_statements": 2,
                        "percent_covered": 0.0,
                        "percent_covered_display": "0.00",
                        "missing_lines": 2,
                        "excluded_lines": 0,
                        "num_branches": 0,
                        "num_partial_branches": 0,
                        "covered_branches": 0,
                        "missing_branches": 0
                    },
                    "missing_lines": [
                        435,
                        436
                    ],
                    "excluded_lines": [],
                    "executed_branches": [],
                    "missing_branches": []
                },
                "log_security_violation": {
                    "executed_lines": [],
                    "summary": {
                        "covered_lines": 0,
                        "num_statements": 2,
                        "percent_covered": 0.0,
                        "percent_covered_display": "0.00",
                        "missing_lines": 2,
                        "excluded_lines": 0,
                        "num_branches": 0,
                        "num_partial_branches": 0,
                        "covered_branches": 0,
                        "missing_branches": 0
                    },
                    "missing_lines": [
                        457,
                        458
                    ],
                    "excluded_lines": [],
                    "executed_branches": [],
                    "missing_branches": []
                },
                "": {
                    "executed_lines": [
                        1,
                        29,
                        30,
                        31,
                        32,
                        33,
                        34,
                        35,
                        36,
                        37,
                        39,
                        42,
                        43,
                        44,
                        51,
                        52,
                        53,
                        54,
                        55,
                        56,
                        57,
                        58,
                        59,
                        60,
                        61,
                        64,
                        65,
                        73,
                        94,
                        147,
                        180,
                        203,
                        233,
                        273,
                        293,
                        322,
                        386,
                        389,
                        408,
                        450
                    ],
                    "summary": {
                        "covered_lines": 37,
                        "num_statements": 37,
                        "percent_covered": 100.0,
                        "percent_covered_display": "100.00",
                        "missing_lines": 0,
                        "excluded_lines": 0,
                        "num_branches": 0,
                        "num_partial_branches": 0,
                        "covered_branches": 0,
                        "missing_branches": 0
                    },
                    "missing_lines": [],
                    "excluded_lines": [],
                    "executed_branches": [],
                    "missing_branches": []
                }
            },
            "classes": {
                "AuditRecord": {
                    "executed_lines": [],
                    "summary": {
                        "covered_lines": 0,
                        "num_statements": 0,
                        "percent_covered": 100.0,
                        "percent_covered_display": "100.00",
                        "missing_lines": 0,
                        "excluded_lines": 0,
                        "num_branches": 0,
                        "num_partial_branches": 0,
                        "covered_branches": 0,
                        "missing_branches": 0
                    },
                    "missing_lines": [],
                    "excluded_lines": [],
                    "executed_branches": [],
                    "missing_branches": []
                },
                "AuditLogger": {
                    "executed_lines": [],
                    "summary": {
                        "covered_lines": 0,
                        "num_statements": 89,
                        "percent_covered": 0.0,
                        "percent_covered_display": "0.00",
                        "missing_lines": 89,
                        "excluded_lines": 0,
                        "num_branches": 34,
                        "num_partial_branches": 0,
                        "covered_branches": 0,
                        "missing_branches": 34
                    },
                    "missing_lines": [
                        81,
                        82,
                        83,
                        85,
                        86,
                        89,
                        90,
                        92,
                        122,
                        124,
                        139,
                        141,
                        143,
                        144,
                        154,
                        156,
                        171,
                        173,
                        177,
                        178,
                        187,
                        189,
                        190,
                        193,
                        194,
                        195,
                        197,
                        198,
                        201,
                        216,
                        218,
                        221,
                        226,
                        227,
                        229,
                        230,
                        231,
                        243,
                        244,
                        246,
                        248,
                        249,
                        252,
                        256,
                        257,
                        258,
                        259,
                        260,
                        266,
                        267,
                        269,
                        271,
                        283,
                        284,
                        287,
                        288,
                        289,
                        291,
                        301,
                        317,
                        318,
                        320,
                        332,
                        333,
                        334,
                        336,
                        346,
                        349,
                        350,
                        351,
                        352,
                        355,
                        359,
                        360,
                        362,
                        363,
                        364,
                        365,
                        366,
                        367,
                        369,
                        370,
                        372,
                        373,
                        376,
                        378,
                        380,
                        381,
                        382
                    ],
                    "excluded_lines": [],
                    "executed_branches": [],
                    "missing_branches": [
                        [
                            81,
                            82
                        ],
                        [
                            81,
                            85
                        ],
                        [
                            243,
                            244
                        ],
                        [
                            243,
                            246
                        ],
                        [
                            248,
                            249
                        ],
                        [
                            248,
                            271
                        ],
                        [
                            252,
                            256
                        ],
                        [
                            252,
                            257
                        ],
                        [
                            257,
                            258
                        ],
                        [
                            257,
                            259
                        ],
                        [
                            259,
                            260
                        ],
                        [
                            259,
                            266
                        ],
                        [
                            266,
                            267
                        ],
                        [
                            266,
                            269
                        ],
                        [
                            283,
                            284
                        ],
                        [
                            283,
                            287
                        ],
                        [
                            287,
                            288
                        ],
                        [
                            287,
                            291
                        ],
                        [
                            288,
                            287
                        ],
                        [
                            288,
                            289
                        ],
                        [
                            333,
                            334
                        ],
                        [
                            333,
                            336
                        ],
                        [
                            350,
                            351
                        ],
                        [
                            350,
                            376
                        ],
                        [
                            359,
                            350
                        ],
                        [
                            359,
                            360
                        ],
                        [
                            362,
                            363
                        ],
                        [
                            362,
                            364
                        ],
                        [
                            364,
                            365
                        ],
                        [
                            364,
                            366
                        ],
                        [
                            366,
                            367
                        ],
                        [
                            366,
                            369
                        ],
                        [
                            369,
                            350
                        ],
                        [
                            369,
                            370
                        ]
                    ]
                },
                "": {
                    "executed_lines": [
                        1,
                        29,
                        30,
                        31,
                        32,
                        33,
                        34,
                        35,
                        36,
                        37,
                        39,
                        42,
                        43,
                        44,
                        51,
                        52,
                        53,
                        54,
                        55,
                        56,
                        57,
                        58,
                        59,
                        60,
                        61,
                        64,
                        65,
                        73,
                        94,
                        147,
                        180,
                        203,
                        233,
                        273,
                        293,
                        322,
                        386,
                        389,
                        408,
                        450
                    ],
                    "summary": {
                        "covered_lines": 37,
                        "num_statements": 44,
                        "percent_covered": 80.43478260869566,
                        "percent_covered_display": "80.43",
                        "missing_lines": 7,
                        "excluded_lines": 0,
                        "num_branches": 2,
                        "num_partial_branches": 0,
                        "covered_branches": 0,
                        "missing_branches": 2
                    },
                    "missing_lines": [
                        402,
                        403,
                        405,
                        435,
                        436,
                        457,
                        458
                    ],
                    "excluded_lines": [],
                    "executed_branches": [],
                    "missing_branches": [
                        [
                            402,
                            403
                        ],
                        [
                            402,
                            405
                        ]
                    ]
                }
            }
        },
        "src/burly_mcp/config.py": {
            "executed_lines": [
                1,
                3,
                4,
                5,
                8,
                9,
                11,
                17,
                39,
                77,
                79,
                83,
                85,
                89,
                93,
                109,
                113,
                117
            ],
            "summary": {
                "covered_lines": 15,
                "num_statements": 48,
                "percent_covered": 21.428571428571427,
                "percent_covered_display": "21.43",
                "missing_lines": 33,
                "excluded_lines": 3,
                "num_branches": 22,
                "num_partial_branches": 4,
                "covered_branches": 0,
                "missing_branches": 22
            },
            "missing_lines": [
                18,
                21,
                37,
                41,
                56,
                57,
                58,
                60,
                61,
                62,
                63,
                64,
                66,
                68,
                69,
                70,
                71,
                72,
                75,
                80,
                81,
                86,
                87,
                91,
                96,
                97,
                100,
                101,
                104,
                105,
                107,
                111,
                115
            ],
            "excluded_lines": [
                117,
                118,
                119
            ],
            "executed_branches": [],
            "missing_branches": [
                [
                    56,
                    -39
                ],
                [
                    56,
                    57
                ],
                [
                    58,
                    56
                ],
                [
                    58,
                    60
                ],
                [
                    60,
                    61
                ],
                [
                    60,
                    68
                ],
                [
                    61,
                    62
                ],
                [
                    61,
                    63
                ],
                [
                    63,
                    64
                ],
                [
                    63,
                    66
                ],
                [
                    68,
                    69
                ],
                [
                    68,
                    75
                ],
                [
                    79,
                    80
                ],
                [
                    79,
                    81
                ],
                [
                    85,
                    86
                ],
                [
                    85,
                    87
                ],
                [
                    96,
                    97
                ],
                [
                    96,
                    100
                ],
                [
                    100,
                    101
                ],
                [
                    100,
                    104
                ],
                [
                    104,
                    105
                ],
                [
                    104,
                    107
                ]
            ],
            "functions": {
                "Config.__init__": {
                    "executed_lines": [
                        17
                    ],
                    "summary": {
                        "covered_lines": 1,
                        "num_statements": 4,
                        "percent_covered": 25.0,
                        "percent_covered_display": "25.00",
                        "missing_lines": 3,
                        "excluded_lines": 0,
                        "num_branches": 0,
                        "num_partial_branches": 0,
                        "covered_branches": 0,
                        "missing_branches": 0
                    },
                    "missing_lines": [
                        18,
                        21,
                        37
                    ],
                    "excluded_lines": [],
                    "executed_branches": [],
                    "missing_branches": []
                },
                "Config._load_from_environment": {
                    "executed_lines": [],
                    "summary": {
                        "covered_lines": 0,
                        "num_statements": 16,
                        "percent_covered": 0.0,
                        "percent_covered_display": "0.00",
                        "missing_lines": 16,
                        "excluded_lines": 0,
                        "num_branches": 12,
                        "num_partial_branches": 0,
                        "covered_branches": 0,
                        "missing_branches": 12
                    },
                    "missing_lines": [
                        41,
                        56,
                        57,
                        58,
                        60,
                        61,
                        62,
                        63,
                        64,
                        66,
                        68,
                        69,
                        70,
                        71,
                        72,
                        75
                    ],
                    "excluded_lines": [],
                    "executed_branches": [],
                    "missing_branches": [
                        [
                            56,
                            -39
                        ],
                        [
                            56,
                            57
                        ],
                        [
                            58,
                            56
                        ],
                        [
                            58,
                            60
                        ],
                        [
                            60,
                            61
                        ],
                        [
                            60,
                            68
                        ],
                        [
                            61,
                            62
                        ],
                        [
                            61,
                            63
                        ],
                        [
                            63,
                            64
                        ],
                        [
                            63,
                            66
                        ],
                        [
                            68,
                            69
                        ],
                        [
                            68,
                            75
                        ]
                    ]
                },
                "Config.__getattr__": {
                    "executed_lines": [
                        79
                    ],
                    "summary": {
                        "covered_lines": 1,
                        "num_statements": 3,
                        "percent_covered": 20.0,
                        "percent_covered_display": "20.00",
                        "missing_lines": 2,
                        "excluded_lines": 0,
                        "num_branches": 2,
                        "num_partial_branches": 2,
                        "covered_branches": 0,
                        "missing_branches": 2
                    },
                    "missing_lines": [
                        80,
                        81
                    ],
                    "excluded_lines": [],
                    "executed_branches": [],
                    "missing_branches": [
                        [
                            79,
                            80
                        ],
                        [
                            79,
                            81
                        ]
                    ]
                },
                "Config.__setattr__": {
                    "executed_lines": [
                        85
                    ],
                    "summary": {
                        "covered_lines": 1,
                        "num_statements": 3,
                        "percent_covered": 20.0,
                        "percent_covered_display": "20.00",
                        "missing_lines": 2,
                        "excluded_lines": 0,
                        "num_branches": 2,
                        "num_partial_branches": 2,
                        "covered_branches": 0,
                        "missing_branches": 2
                    },
                    "missing_lines": [
                        86,
                        87
                    ],
                    "excluded_lines": [],
                    "executed_branches": [],
                    "missing_branches": [
                        [
                            85,
                            86
                        ],
                        [
                            85,
                            87
                        ]
                    ]
                },
                "Config.get": {
                    "executed_lines": [],
                    "summary": {
                        "covered_lines": 0,
                        "num_statements": 1,
                        "percent_covered": 0.0,
                        "percent_covered_display": "0.00",
                        "missing_lines": 1,
                        "excluded_lines": 0,
                        "num_branches": 0,
                        "num_partial_branches": 0,
                        "covered_branches": 0,
                        "missing_branches": 0
                    },
                    "missing_lines": [
                        91
                    ],
                    "excluded_lines": [],
                    "executed_branches": [],
                    "missing_branches": []
                },
                "Config.validate": {
                    "executed_lines": [],
                    "summary": {
                        "covered_lines": 0,
                        "num_statements": 7,
                        "percent_covered": 0.0,
                        "percent_covered_display": "0.00",
                        "missing_lines": 7,
                        "excluded_lines": 0,
                        "num_branches": 6,
                        "num_partial_branches": 0,
                        "covered_branches": 0,
                        "missing_branches": 6
                    },
                    "missing_lines": [
                        96,
                        97,
                        100,
                        101,
                        104,
                        105,
                        107
                    ],
                    "excluded_lines": [],
                    "executed_branches": [],
                    "missing_branches": [
                        [
                            96,
                            97
                        ],
                        [
                            96,
                            100
                        ],
                        [
                            100,
                            101
                        ],
                        [
                            100,
                            104
                        ],
                        [
                            104,
                            105
                        ],
                        [
                            104,
                            107
                        ]
                    ]
                },
                "Config.to_dict": {
                    "executed_lines": [],
                    "summary": {
                        "covered_lines": 0,
                        "num_statements": 1,
                        "percent_covered": 0.0,
                        "percent_covered_display": "0.00",
                        "missing_lines": 1,
                        "excluded_lines": 0,
                        "num_branches": 0,
                        "num_partial_branches": 0,
                        "covered_branches": 0,
                        "missing_branches": 0
                    },
                    "missing_lines": [
                        111
                    ],
                    "excluded_lines": [],
                    "executed_branches": [],
                    "missing_branches": []
                },
                "Config.__str__": {
                    "executed_lines": [],
                    "summary": {
                        "covered_lines": 0,
                        "num_statements": 1,
                        "percent_covered": 0.0,
                        "percent_covered_display": "0.00",
                        "missing_lines": 1,
                        "excluded_lines": 0,
                        "num_branches": 0,
                        "num_partial_branches": 0,
                        "covered_branches": 0,
                        "missing_branches": 0
                    },
                    "missing_lines": [
                        115
                    ],
                    "excluded_lines": [],
                    "executed_branches": [],
                    "missing_branches": []
                },
                "Config.__repr__": {
                    "executed_lines": [],
                    "summary": {
                        "covered_lines": 0,
                        "num_statements": 0,
                        "percent_covered": 100.0,
                        "percent_covered_display": "100.00",
                        "missing_lines": 0,
                        "excluded_lines": 2,
                        "num_branches": 0,
                        "num_partial_branches": 0,
                        "covered_branches": 0,
                        "missing_branches": 0
                    },
                    "missing_lines": [],
                    "excluded_lines": [
                        118,
                        119
                    ],
                    "executed_branches": [],
                    "missing_branches": []
                },
                "": {
                    "executed_lines": [
                        1,
                        3,
                        4,
                        5,
                        8,
                        9,
                        11,
                        39,
                        77,
                        83,
                        89,
                        93,
                        109,
                        113,
                        117
                    ],
                    "summary": {
                        "covered_lines": 12,
                        "num_statements": 12,
                        "percent_covered": 100.0,
                        "percent_covered_display": "100.00",
                        "missing_lines": 0,
                        "excluded_lines": 1,
                        "num_branches": 0,
                        "num_partial_branches": 0,
                        "covered_branches": 0,
                        "missing_branches": 0
                    },
                    "missing_lines": [],
                    "excluded_lines": [
                        117
                    ],
                    "executed_branches": [],
                    "missing_branches": []
                }
            },
            "classes": {
                "Config": {
                    "executed_lines": [
                        17,
                        79,
                        85
                    ],
                    "summary": {
                        "covered_lines": 3,
                        "num_statements": 36,
                        "percent_covered": 5.172413793103448,
                        "percent_covered_display": "5.17",
                        "missing_lines": 33,
                        "excluded_lines": 2,
                        "num_branches": 22,
                        "num_partial_branches": 4,
                        "covered_branches": 0,
                        "missing_branches": 22
                    },
                    "missing_lines": [
                        18,
                        21,
                        37,
                        41,
                        56,
                        57,
                        58,
                        60,
                        61,
                        62,
                        63,
                        64,
                        66,
                        68,
                        69,
                        70,
                        71,
                        72,
                        75,
                        80,
                        81,
                        86,
                        87,
                        91,
                        96,
                        97,
                        100,
                        101,
                        104,
                        105,
                        107,
                        111,
                        115
                    ],
                    "excluded_lines": [
                        118,
                        119
                    ],
                    "executed_branches": [],
                    "missing_branches": [
                        [
                            56,
                            -39
                        ],
                        [
                            56,
                            57
                        ],
                        [
                            58,
                            56
                        ],
                        [
                            58,
                            60
                        ],
                        [
                            60,
                            61
                        ],
                        [
                            60,
                            68
                        ],
                        [
                            61,
                            62
                        ],
                        [
                            61,
                            63
                        ],
                        [
                            63,
                            64
                        ],
                        [
                            63,
                            66
                        ],
                        [
                            68,
                            69
                        ],
                        [
                            68,
                            75
                        ],
                        [
                            79,
                            80
                        ],
                        [
                            79,
                            81
                        ],
                        [
                            85,
                            86
                        ],
                        [
                            85,
                            87
                        ],
                        [
                            96,
                            97
                        ],
                        [
                            96,
                            100
                        ],
                        [
                            100,
                            101
                        ],
                        [
                            100,
                            104
                        ],
                        [
                            104,
                            105
                        ],
                        [
                            104,
                            107
                        ]
                    ]
                },
                "": {
                    "executed_lines": [
                        1,
                        3,
                        4,
                        5,
                        8,
                        9,
                        11,
                        39,
                        77,
                        83,
                        89,
                        93,
                        109,
                        113,
                        117
                    ],
                    "summary": {
                        "covered_lines": 12,
                        "num_statements": 12,
                        "percent_covered": 100.0,
                        "percent_covered_display": "100.00",
                        "missing_lines": 0,
                        "excluded_lines": 1,
                        "num_branches": 0,
                        "num_partial_branches": 0,
                        "covered_branches": 0,
                        "missing_branches": 0
                    },
                    "missing_lines": [],
                    "excluded_lines": [
                        117
                    ],
                    "executed_branches": [],
                    "missing_branches": []
                }
            }
        },
        "src/burly_mcp/notifications/__init__.py": {
            "executed_lines": [
                1,
                8,
                16
            ],
            "summary": {
                "covered_lines": 2,
                "num_statements": 2,
                "percent_covered": 100.0,
                "percent_covered_display": "100.00",
                "missing_lines": 0,
                "excluded_lines": 0,
                "num_branches": 0,
                "num_partial_branches": 0,
                "covered_branches": 0,
                "missing_branches": 0
            },
            "missing_lines": [],
            "excluded_lines": [],
            "executed_branches": [],
            "missing_branches": [],
            "functions": {
                "": {
                    "executed_lines": [
                        1,
                        8,
                        16
                    ],
                    "summary": {
                        "covered_lines": 2,
                        "num_statements": 2,
                        "percent_covered": 100.0,
                        "percent_covered_display": "100.00",
                        "missing_lines": 0,
                        "excluded_lines": 0,
                        "num_branches": 0,
                        "num_partial_branches": 0,
                        "covered_branches": 0,
                        "missing_branches": 0
                    },
                    "missing_lines": [],
                    "excluded_lines": [],
                    "executed_branches": [],
                    "missing_branches": []
                }
            },
            "classes": {
                "": {
                    "executed_lines": [
                        1,
                        8,
                        16
                    ],
                    "summary": {
                        "covered_lines": 2,
                        "num_statements": 2,
                        "percent_covered": 100.0,
                        "percent_covered_display": "100.00",
                        "missing_lines": 0,
                        "excluded_lines": 0,
                        "num_branches": 0,
                        "num_partial_branches": 0,
                        "covered_branches": 0,
                        "missing_branches": 0
                    },
                    "missing_lines": [],
                    "excluded_lines": [],
                    "executed_branches": [],
                    "missing_branches": []
                }
            }
        },
        "src/burly_mcp/notifications/manager.py": {
            "executed_lines": [
                1,
                26,
                27,
                28,
                29,
                30,
                31,
                32,
                33,
                34,
                35,
                36,
                38,
                41,
                42,
                49,
                50,
                51,
                52,
                55,
                56,
                63,
                64,
                65,
                66,
                67,
                68,
                71,
                72,
                73,
                80,
                81,
                82,
                83,
                84,
                85,
                87,
                99,
                100,
                107,
                108,
                120,
                121,
                130,
                131,
                141,
                142,
                150,
                180,
                182,
                184,
                189,
                190,
                197,
                205,
                206,
                207,
                209,
                259,
                261,
                263,
                268,
                269,
                277,
                305,
                335,
                339,
                344,
                345,
                353,
                355,
                356,
                357,
                358,
                361,
                362,
                364,
                365,
                367,
                380,
                387,
                394,
                396,
                406,
                407,
                408,
                410,
                414,
                415,
                416,
                437,
                449,
                461,
                472,
                484,
                488,
                492,
                496,
                500,
                502,
                503,
                508,
                510,
                516,
                518,
                520,
                521,
                522,
                528,
                530,
                531,
                537,
                539,
                540,
                542,
                544,
                547,
                549,
                550,
                551,
                552,
                553,
                561,
                563,
                564,
                565,
                566,
                572,
                574,
                575,
                576,
                589,
                591,
                592,
                593,
                597,
                600,
                604,
                608,
                610,
                627,
                630,
                646,
                651,
                656,
                661
            ],
            "summary": {
                "covered_lines": 131,
                "num_statements": 261,
                "percent_covered": 46.43962848297214,
                "percent_covered_display": "46.44",
                "missing_lines": 130,
                "excluded_lines": 30,
                "num_branches": 62,
                "num_partial_branches": 11,
                "covered_branches": 19,
                "missing_branches": 43
            },
            "missing_lines": [
                89,
                152,
                153,
                160,
                161,
                162,
                163,
                166,
                170,
                172,
                174,
                176,
                177,
                178,
                186,
                211,
                212,
                213,
                215,
                217,
                225,
                237,
                238,
                240,
                244,
                245,
                246,
                247,
                249,
                250,
                252,
                253,
                254,
                255,
                256,
                257,
                265,
                289,
                290,
                291,
                294,
                295,
                298,
                299,
                300,
                301,
                302,
                303,
                307,
                308,
                309,
                311,
                313,
                314,
                316,
                320,
                321,
                322,
                323,
                325,
                326,
                328,
                329,
                330,
                331,
                332,
                333,
                337,
                341,
                411,
                412,
                418,
                419,
                420,
                421,
                422,
                423,
                424,
                428,
                429,
                430,
                432,
                435,
                439,
                447,
                451,
                459,
                463,
                470,
                474,
                481,
                486,
                490,
                494,
                498,
                504,
                505,
                506,
                523,
                524,
                525,
                526,
                534,
                535,
                554,
                555,
                559,
                567,
                568,
                570,
                578,
                579,
                581,
                582,
                583,
                584,
                585,
                587,
                595,
                601,
                605,
                606,
                612,
                639,
                640,
                642,
                648,
                653,
                658,
                663
            ],
            "excluded_lines": [
                107,
                108,
                109,
                110,
                111,
                112,
                113,
                114,
                115,
                116,
                117,
                118,
                120,
                121,
                122,
                123,
                124,
                125,
                126,
                127,
                128,
                130,
                131,
                132,
                133,
                134,
                135,
                136,
                137,
                138
            ],
            "executed_branches": [
                [
                    364,
                    -353
                ],
                [
                    364,
                    365
                ],
                [
                    406,
                    407
                ],
                [
                    406,
                    410
                ],
                [
                    410,
                    414
                ],
                [
                    414,
                    415
                ],
                [
                    520,
                    521
                ],
                [
                    521,
                    522
                ],
                [
                    530,
                    531
                ],
                [
                    549,
                    -542
                ],
                [
                    549,
                    550
                ],
                [
                    551,
                    552
                ],
                [
                    563,
                    564
                ],
                [
                    563,
                    565
                ],
                [
                    565,
                    566
                ],
                [
                    575,
                    576
                ],
                [
                    592,
                    593
                ],
                [
                    600,
                    604
                ],
                [
                    604,
                    608
                ]
            ],
            "missing_branches": [
                [
                    161,
                    162
                ],
                [
                    161,
                    163
                ],
                [
                    166,
                    170
                ],
                [
                    166,
                    172
                ],
                [
                    211,
                    212
                ],
                [
                    211,
                    215
                ],
                [
                    245,
                    246
                ],
                [
                    245,
                    249
                ],
                [
                    299,
                    -277
                ],
                [
                    299,
                    300
                ],
                [
                    307,
                    308
                ],
                [
                    307,
                    311
                ],
                [
                    321,
                    322
                ],
                [
                    321,
                    325
                ],
                [
                    410,
                    411
                ],
                [
                    414,
                    418
                ],
                [
                    419,
                    420
                ],
                [
                    419,
                    428
                ],
                [
                    421,
                    419
                ],
                [
                    421,
                    422
                ],
                [
                    428,
                    429
                ],
                [
                    428,
                    432
                ],
                [
                    520,
                    526
                ],
                [
                    521,
                    523
                ],
                [
                    523,
                    520
                ],
                [
                    523,
                    524
                ],
                [
                    530,
                    534
                ],
                [
                    551,
                    554
                ],
                [
                    554,
                    555
                ],
                [
                    554,
                    559
                ],
                [
                    565,
                    567
                ],
                [
                    567,
                    568
                ],
                [
                    567,
                    570
                ],
                [
                    575,
                    578
                ],
                [
                    581,
                    582
                ],
                [
                    581,
                    587
                ],
                [
                    592,
                    595
                ],
                [
                    600,
                    601
                ],
                [
                    604,
                    605
                ],
                [
                    605,
                    606
                ],
                [
                    605,
                    608
                ],
                [
                    639,
                    640
                ],
                [
                    639,
                    642
                ]
            ],
            "functions": {
                "NotificationMessage.to_dict": {
                    "executed_lines": [],
                    "summary": {
                        "covered_lines": 0,
                        "num_statements": 1,
                        "percent_covered": 0.0,
                        "percent_covered_display": "0.00",
                        "missing_lines": 1,
                        "excluded_lines": 0,
                        "num_branches": 0,
                        "num_partial_branches": 0,
                        "covered_branches": 0,
                        "missing_branches": 0
                    },
                    "missing_lines": [
                        89
                    ],
                    "excluded_lines": [],
                    "executed_branches": [],
                    "missing_branches": []
                },
                "NotificationProvider.send_notification": {
                    "executed_lines": [],
                    "summary": {
                        "covered_lines": 0,
                        "num_statements": 0,
                        "percent_covered": 100.0,
                        "percent_covered_display": "100.00",
                        "missing_lines": 0,
                        "excluded_lines": 10,
                        "num_branches": 0,
                        "num_partial_branches": 0,
                        "covered_branches": 0,
                        "missing_branches": 0
                    },
                    "missing_lines": [],
                    "excluded_lines": [
                        109,
                        110,
                        111,
                        112,
                        113,
                        114,
                        115,
                        116,
                        117,
                        118
                    ],
                    "executed_branches": [],
                    "missing_branches": []
                },
                "NotificationProvider.is_available": {
                    "executed_lines": [],
                    "summary": {
                        "covered_lines": 0,
                        "num_statements": 0,
                        "percent_covered": 100.0,
                        "percent_covered_display": "100.00",
                        "missing_lines": 0,
                        "excluded_lines": 7,
                        "num_branches": 0,
                        "num_partial_branches": 0,
                        "covered_branches": 0,
                        "missing_branches": 0
                    },
                    "missing_lines": [],
                    "excluded_lines": [
                        122,
                        123,
                        124,
                        125,
                        126,
                        127,
                        128
                    ],
                    "executed_branches": [],
                    "missing_branches": []
                },
                "NotificationProvider.get_provider_name": {
                    "executed_lines": [],
                    "summary": {
                        "covered_lines": 0,
                        "num_statements": 0,
                        "percent_covered": 100.0,
[...]
                        659,
                        660,
                        663,
                        664,
                        666,
                        667,
                        668,
                        672,
                        673,
                        674,
                        675,
                        676,
                        677,
                        680,
                        681,
                        682,
                        684,
                        685,
                        687,
                        703,
                        704,
                        723,
                        725,
                        726,
                        728,
                        729,
                        740,
                        741,
                        753,
                        756,
                        757,
                        760,
                        761,
                        764,
                        767,
                        768,
                        769,
                        770,
                        771,
                        772,
                        774,
                        777,
                        778,
                        795,
                        796,
                        808,
                        811,
                        812,
                        813,
                        815,
                        816,
                        818,
                        821,
                        822,
                        827,
                        828,
                        831,
                        834,
                        835,
                        838,
                        839,
                        840,
                        842,
                        843,
                        846,
                        847,
                        848,
                        849,
                        852,
                        853,
                        854,
                        855,
                        857,
                        858,
                        860,
                        861,
                        863,
                        880,
                        881,
                        900,
                        902,
                        903,
                        905,
                        906,
                        917,
                        918,
                        930,
                        931,
                        932,
                        935,
                        936,
                        939,
                        942,
                        945,
                        947,
                        958,
                        959,
                        960,
                        961,
                        963,
                        965,
                        966,
                        967,
                        968,
                        969,
                        971,
                        988,
                        1002,
                        1003,
                        1004,
                        1005,
                        1006,
                        1007,
                        1008,
                        1010,
                        1012,
                        1013,
                        1014,
                        1015,
                        1017,
                        1019,
                        1030,
                        1031,
                        1032,
                        1034,
                        1036,
                        1047,
                        1048
                    ],
                    "excluded_lines": [],
                    "executed_branches": [],
                    "missing_branches": [
                        [
                            117,
                            118
                        ],
                        [
                            117,
                            148
                        ],
                        [
                            160,
                            161
                        ],
                        [
                            160,
                            162
                        ],
                        [
                            162,
                            163
                        ],
                        [
                            162,
                            165
                        ],
                        [
                            182,
                            183
                        ],
                        [
                            182,
                            184
                        ],
                        [
                            184,
                            185
                        ],
                        [
                            184,
                            187
                        ],
                        [
                            279,
                            281
                        ],
                        [
                            279,
                            327
                        ],
                        [
                            284,
                            285
                        ],
                        [
                            284,
                            301
                        ],
                        [
                            285,
                            286
                        ],
                        [
                            285,
                            301
                        ],
                        [
                            286,
                            285
                        ],
                        [
                            286,
                            287
                        ],
                        [
                            288,
                            285
                        ],
                        [
                            288,
                            289
                        ],
                        [
                            305,
                            306
                        ],
                        [
                            305,
                            308
                        ],
                        [
                            327,
                            328
                        ],
                        [
                            327,
                            331
                        ],
                        [
                            334,
                            335
                        ],
                        [
                            334,
                            336
                        ],
                        [
                            336,
                            337
                        ],
                        [
                            336,
                            338
                        ],
                        [
                            338,
                            339
                        ],
                        [
                            338,
                            341
                        ],
                        [
                            346,
                            347
                        ],
                        [
                            346,
                            349
                        ],
                        [
                            399,
                            401
                        ],
                        [
                            399,
                            477
                        ],
                        [
                            404,
                            405
                        ],
                        [
                            404,
                            440
                        ],
                        [
                            405,
                            406
                        ],
                        [
                            405,
                            440
                        ],
                        [
                            406,
                            405
                        ],
                        [
                            406,
                            407
                        ],
                        [
                            408,
                            405
                        ],
                        [
                            408,
                            410
                        ],
                        [
                            445,
                            446
                        ],
                        [
                            445,
                            449
                        ],
                        [
                            454,
                            455
                        ],
                        [
                            454,
                            457
                        ],
                        [
                            477,
                            478
                        ],
                        [
                            477,
                            481
                        ],
                        [
                            484,
                            485
                        ],
                        [
                            484,
                            486
                        ],
                        [
                            486,
                            487
                        ],
                        [
                            486,
                            489
                        ],
                        [
                            492,
                            493
                        ],
                        [
                            492,
                            495
                        ],
                        [
                            534,
                            535
                        ],
                        [
                            534,
                            546
                        ],
                        [
                            577,
                            578
                        ],
                        [
                            577,
                            589
                        ],
                        [
                            589,
                            590
                        ],
                        [
                            589,
                            602
                        ],
                        [
                            633,
                            634
                        ],
                        [
                            633,
                            639
                        ],
                        [
                            640,
                            641
                        ],
                        [
                            640,
                            646
                        ],
                        [
                            656,
                            657
                        ],
                        [
                            656,
                            663
                        ],
                        [
                            657,
                            658
                        ],
                        [
                            657,
                            659
                        ],
                        [
                            659,
                            656
                        ],
                        [
                            659,
                            660
                        ],
                        [
                            663,
                            664
                        ],
                        [
                            663,
                            672
                        ],
                        [
                            666,
                            667
                        ],
                        [
                            666,
                            672
                        ],
                        [
                            667,
                            668
                        ],
                        [
                            667,
                            672
                        ],
                        [
                            672,
                            673
                        ],
                        [
                            672,
                            680
                        ],
                        [
                            674,
                            675
                        ],
                        [
                            674,
                            676
                        ],
                        [
                            676,
                            677
                        ],
                        [
                            676,
                            680
                        ],
                        [
                            680,
                            681
                        ],
                        [
                            680,
                            684
                        ],
                        [
                            728,
                            729
                        ],
                        [
                            728,
                            740
                        ],
                        [
                            740,
                            741
                        ],
                        [
                            740,
                            753
                        ],
                        [
                            768,
                            769
                        ],
                        [
                            768,
                            777
                        ],
                        [
                            777,
                            778
                        ],
                        [
                            777,
                            795
                        ],
                        [
                            795,
                            796
                        ],
                        [
                            795,
                            808
                        ],
                        [
                            815,
                            816
                        ],
                        [
                            815,
                            852
                        ],
                        [
                            852,
                            853
                        ],
                        [
                            852,
                            860
                        ],
                        [
                            853,
                            854
                        ],
                        [
                            853,
                            857
                        ],
                        [
                            905,
                            906
                        ],
                        [
                            905,
                            917
                        ],
                        [
                            917,
                            918
                        ],
                        [
                            917,
                            930
                        ],
                        [
                            935,
                            936
                        ],
                        [
                            935,
                            939
                        ],
                        [
                            963,
                            965
                        ],
                        [
                            963,
                            988
                        ],
                        [
                            1006,
                            1007
                        ],
                        [
                            1006,
                            1012
                        ],
                        [
                            1012,
                            1013
                        ],
                        [
                            1012,
                            1014
                        ],
                        [
                            1014,
                            1015
                        ],
                        [
                            1014,
                            1017
                        ],
                        [
                            1031,
                            1032
                        ],
                        [
                            1031,
                            1034
                        ]
                    ]
                },
                "": {
                    "executed_lines": [
                        1,
                        27,
                        28,
                        29,
                        30,
                        31,
                        32,
                        33,
                        34,
                        35,
                        36,
                        37,
                        38,
                        40,
                        42,
                        43,
                        48,
                        49,
                        56,
                        59,
                        60,
                        61,
                        68,
                        69,
                        70,
                        71,
                        72,
                        73,
                        74,
                        75,
                        78,
                        79,
                        87,
                        106,
                        226,
                        238,
                        252,
                        377,
                        523,
                        715,
                        892
                    ],
                    "summary": {
                        "covered_lines": 38,
                        "num_statements": 38,
                        "percent_covered": 100.0,
                        "percent_covered_display": "100.00",
                        "missing_lines": 0,
                        "excluded_lines": 0,
                        "num_branches": 0,
                        "num_partial_branches": 0,
                        "covered_branches": 0,
                        "missing_branches": 0
                    },
                    "missing_lines": [],
                    "excluded_lines": [],
                    "executed_branches": [],
                    "missing_branches": []
                }
            }
        }
    },
    "totals": {
        "covered_lines": 630,
        "num_statements": 1886,
        "percent_covered": 29.170024174053182,
        "percent_covered_display": "29.17",
        "missing_lines": 1256,
        "excluded_lines": 46,
        "num_branches": 596,
        "num_partial_branches": 48,
        "covered_branches": 94,
        "missing_branches": 502
    }
}